<?xml version="1.0" encoding="UTF-8"?>
<!-- Generated by org.testng.reporters.JUnitReportReporter -->
<testsuite hostname="Hp" failures="0" tests="2" name="com.service.EnableAndDisableTestCase" time="0.003" errors="0" timestamp="2025-07-22T20:05:23 IST" skipped="1">
  <testcase classname="com.service.EnableAndDisableTestCase" name="f1" time="0.003"/>
  <system-out/>
  <testcase classname="com.service.EnableAndDisableTestCase" name="f3">
    <skipped/>
  </testcase> <!-- f3 -->
  <system-out/>
</testsuite> <!-- com.service.EnableAndDisableTestCase -->
