<?xml version="1.0" encoding="UTF-8"?>
<!-- Generated by org.testng.reporters.JUnitReportReporter -->
<testsuite hostname="Hp" failures="0" tests="4" name="com.service.TestPriorty" time="0.012" errors="0" timestamp="2025-07-22T20:05:23 IST" skipped="0">
  <testcase classname="com.service.TestPriorty" name="a" time="0.002"/>
  <system-out/>
  <testcase classname="com.service.TestPriorty" name="d" time="0.005"/>
  <system-out/>
  <testcase classname="com.service.TestPriorty" name="c" time="0.002"/>
  <system-out/>
  <testcase classname="com.service.TestPriorty" name="b" time="0.003"/>
  <system-out/>
</testsuite> <!-- com.service.TestPriorty -->
