<?xml version="1.0" encoding="UTF-8"?>
<!-- Generated by org.testng.reporters.JUnitReportReporter -->
<testsuite hostname="Hp" failures="0" tests="2" name="com.service.OperationServiceTest" time="0.013" errors="0" timestamp="2025-07-22T19:28:48 IST" skipped="0">
  <testcase classname="com.service.OperationServiceTest" name="subTest" time="0.002"/>
  <system-out/>
  <testcase classname="com.service.OperationServiceTest" name="addTest" time="0.011"/>
  <system-out/>
</testsuite> <!-- com.service.OperationServiceTest -->
