<?xml version="1.0" encoding="UTF-8"?>
<!-- Generated by org.testng.reporters.JUnitReportReporter -->
<testsuite hostname="Hp" failures="0" tests="2" name="com.service.TestNGHookFuntions" time="0.011" errors="0" timestamp="2025-07-22T19:40:20 IST" skipped="0">
  <testcase classname="com.service.TestNGHookFuntions" name="firstTestMethod" time="0.010"/>
  <system-out/>
  <testcase classname="com.service.TestNGHookFuntions" name="secondTestMethod" time="0.001"/>
  <system-out/>
</testsuite> <!-- com.service.TestNGHookFuntions -->
