<?xml version="1.0" encoding="UTF-8"?>
<!-- Generated by org.testng.reporters.JUnitReportReporter -->
<testsuite hostname="Hp" failures="0" tests="3" name="com.test.DataProviderTest" time="0.029" errors="0" timestamp="2025-07-24T19:57:08 IST" skipped="0">
  <testcase classname="com.test.DataProviderTest" name="f" time="0.023"/>
  <system-out/>
  <testcase classname="com.test.DataProviderTest" name="f" time="0.003"/>
  <system-out/>
  <testcase classname="com.test.DataProviderTest" name="f" time="0.003"/>
  <system-out/>
</testsuite> <!-- com.test.DataProviderTest -->
